[1.194s] DEBUG:colcon:Command line arguments: ['/usr/bin/colcon', 'build', '--symlink-install']
[1.194s] DEBUG:colcon:Parsed command line arguments: Namespace(log_base=None, log_level=None, verb_name='build', build_base='build', install_base='install', merge_install=False, symlink_install=True, test_result_base=None, continue_on_error=False, executor='parallel', parallel_workers=2, event_handlers=None, ignore_user_meta=False, metas=['./colcon.meta'], base_paths=['.'], packages_ignore=None, packages_ignore_regex=None, paths=None, packages_up_to=None, packages_up_to_regex=None, packages_above=None, packages_above_and_dependencies=None, packages_above_depth=None, packages_select_by_dep=None, packages_skip_by_dep=None, packages_skip_up_to=None, packages_select_build_failed=False, packages_skip_build_finished=False, packages_select_test_failures=False, packages_skip_test_passed=False, packages_select=None, packages_skip=None, packages_select_regex=None, packages_skip_regex=None, packages_start=None, packages_end=None, allow_overriding=[], cmake_args=None, cmake_target=None, cmake_target_skip_unavailable=False, cmake_clean_cache=False, cmake_clean_first=False, cmake_force_configure=False, ament_cmake_args=None, catkin_cmake_args=None, catkin_skip_building_tests=False, mixin_files=None, mixin=None, verb_parser=<colcon_mixin.mixin.mixin_argument.MixinArgumentDecorator object at 0x74ee4d9c2f30>, verb_extension=<colcon_core.verb.build.BuildVerb object at 0x74ee4cba9eb0>, main=<bound method BuildVerb.main of <colcon_core.verb.build.BuildVerb object at 0x74ee4cba9eb0>>, mixin_verb=('build',))
[1.456s] Level 1:colcon.colcon_core.package_discovery:discover_packages(colcon_meta) check parameters
[1.456s] Level 1:colcon.colcon_core.package_discovery:discover_packages(recursive) check parameters
[1.456s] Level 1:colcon.colcon_core.package_discovery:discover_packages(ignore) check parameters
[1.456s] Level 1:colcon.colcon_core.package_discovery:discover_packages(path) check parameters
[1.456s] Level 1:colcon.colcon_core.package_discovery:discover_packages(colcon_meta) discover
[1.457s] Level 1:colcon.colcon_core.package_discovery:discover_packages(recursive) discover
[1.457s] INFO:colcon.colcon_core.package_discovery:Crawling recursively for packages in '/home/ubuntum/bf_ext'
[1.457s] Level 1:colcon.colcon_core.package_identification:_identify(.) by extensions ['ignore', 'ignore_ament_install']
[1.457s] Level 1:colcon.colcon_core.package_identification:_identify(.) by extension 'ignore'
[1.457s] Level 1:colcon.colcon_core.package_identification:_identify(.) by extension 'ignore_ament_install'
[1.457s] Level 1:colcon.colcon_core.package_identification:_identify(.) by extensions ['colcon_pkg']
[1.457s] Level 1:colcon.colcon_core.package_identification:_identify(.) by extension 'colcon_pkg'
[1.457s] Level 1:colcon.colcon_core.package_identification:_identify(.) by extensions ['colcon_meta']
[1.457s] Level 1:colcon.colcon_core.package_identification:_identify(.) by extension 'colcon_meta'
[1.458s] Level 1:colcon.colcon_core.package_identification:_identify(.) by extensions ['ros']
[1.458s] Level 1:colcon.colcon_core.package_identification:_identify(.) by extension 'ros'
[1.525s] Level 1:colcon.colcon_core.package_identification:_identify(.) by extensions ['cmake', 'python']
[1.525s] Level 1:colcon.colcon_core.package_identification:_identify(.) by extension 'cmake'
[1.525s] Level 1:colcon.colcon_core.package_identification:_identify(.) by extension 'python'
[1.525s] Level 1:colcon.colcon_core.package_identification:_identify(.) by extensions ['python_setup_py']
[1.525s] Level 1:colcon.colcon_core.package_identification:_identify(.) by extension 'python_setup_py'
[1.525s] Level 1:colcon.colcon_core.package_identification:_identify(build) by extensions ['ignore', 'ignore_ament_install']
[1.525s] Level 1:colcon.colcon_core.package_identification:_identify(build) by extension 'ignore'
[1.525s] Level 1:colcon.colcon_core.package_identification:_identify(build) ignored
[1.526s] Level 1:colcon.colcon_core.package_identification:_identify(install) by extensions ['ignore', 'ignore_ament_install']
[1.526s] Level 1:colcon.colcon_core.package_identification:_identify(install) by extension 'ignore'
[1.526s] Level 1:colcon.colcon_core.package_identification:_identify(install) ignored
[1.526s] Level 1:colcon.colcon_core.package_identification:_identify(log) by extensions ['ignore', 'ignore_ament_install']
[1.526s] Level 1:colcon.colcon_core.package_identification:_identify(log) by extension 'ignore'
[1.527s] Level 1:colcon.colcon_core.package_identification:_identify(log) ignored
[1.527s] Level 1:colcon.colcon_core.package_identification:_identify(src) by extensions ['ignore', 'ignore_ament_install']
[1.527s] Level 1:colcon.colcon_core.package_identification:_identify(src) by extension 'ignore'
[1.527s] Level 1:colcon.colcon_core.package_identification:_identify(src) by extension 'ignore_ament_install'
[1.527s] Level 1:colcon.colcon_core.package_identification:_identify(src) by extensions ['colcon_pkg']
[1.527s] Level 1:colcon.colcon_core.package_identification:_identify(src) by extension 'colcon_pkg'
[1.527s] Level 1:colcon.colcon_core.package_identification:_identify(src) by extensions ['colcon_meta']
[1.527s] Level 1:colcon.colcon_core.package_identification:_identify(src) by extension 'colcon_meta'
[1.527s] Level 1:colcon.colcon_core.package_identification:_identify(src) by extensions ['ros']
[1.527s] Level 1:colcon.colcon_core.package_identification:_identify(src) by extension 'ros'
[1.527s] Level 1:colcon.colcon_core.package_identification:_identify(src) by extensions ['cmake', 'python']
[1.528s] Level 1:colcon.colcon_core.package_identification:_identify(src) by extension 'cmake'
[1.528s] Level 1:colcon.colcon_core.package_identification:_identify(src) by extension 'python'
[1.528s] Level 1:colcon.colcon_core.package_identification:_identify(src) by extensions ['python_setup_py']
[1.528s] Level 1:colcon.colcon_core.package_identification:_identify(src) by extension 'python_setup_py'
[1.528s] Level 1:colcon.colcon_core.package_identification:_identify(src/articubot_one) by extensions ['ignore', 'ignore_ament_install']
[1.528s] Level 1:colcon.colcon_core.package_identification:_identify(src/articubot_one) by extension 'ignore'
[1.528s] Level 1:colcon.colcon_core.package_identification:_identify(src/articubot_one) by extension 'ignore_ament_install'
[1.528s] Level 1:colcon.colcon_core.package_identification:_identify(src/articubot_one) by extensions ['colcon_pkg']
[1.528s] Level 1:colcon.colcon_core.package_identification:_identify(src/articubot_one) by extension 'colcon_pkg'
[1.528s] Level 1:colcon.colcon_core.package_identification:_identify(src/articubot_one) by extensions ['colcon_meta']
[1.529s] Level 1:colcon.colcon_core.package_identification:_identify(src/articubot_one) by extension 'colcon_meta'
[1.529s] Level 1:colcon.colcon_core.package_identification:_identify(src/articubot_one) by extensions ['ros']
[1.529s] Level 1:colcon.colcon_core.package_identification:_identify(src/articubot_one) by extension 'ros'
[1.529s] Level 1:colcon.colcon_core.package_identification:_identify(src/articubot_one) by extensions ['cmake', 'python']
[1.529s] Level 1:colcon.colcon_core.package_identification:_identify(src/articubot_one) by extension 'cmake'
[1.529s] Level 1:colcon.colcon_core.package_identification:_identify(src/articubot_one) by extension 'python'
[1.529s] Level 1:colcon.colcon_core.package_identification:_identify(src/articubot_one) by extensions ['python_setup_py']
[1.529s] Level 1:colcon.colcon_core.package_identification:_identify(src/articubot_one) by extension 'python_setup_py'
[1.529s] Level 1:colcon.colcon_core.package_identification:_identify(src/articubot_one/articubot_one) by extensions ['ignore', 'ignore_ament_install']
[1.529s] Level 1:colcon.colcon_core.package_identification:_identify(src/articubot_one/articubot_one) by extension 'ignore'
[1.529s] Level 1:colcon.colcon_core.package_identification:_identify(src/articubot_one/articubot_one) by extension 'ignore_ament_install'
[1.530s] Level 1:colcon.colcon_core.package_identification:_identify(src/articubot_one/articubot_one) by extensions ['colcon_pkg']
[1.530s] Level 1:colcon.colcon_core.package_identification:_identify(src/articubot_one/articubot_one) by extension 'colcon_pkg'
[1.530s] Level 1:colcon.colcon_core.package_identification:_identify(src/articubot_one/articubot_one) by extensions ['colcon_meta']
[1.530s] Level 1:colcon.colcon_core.package_identification:_identify(src/articubot_one/articubot_one) by extension 'colcon_meta'
[1.530s] Level 1:colcon.colcon_core.package_identification:_identify(src/articubot_one/articubot_one) by extensions ['ros']
[1.530s] Level 1:colcon.colcon_core.package_identification:_identify(src/articubot_one/articubot_one) by extension 'ros'
[1.538s] DEBUG:colcon.colcon_core.package_identification:Package 'src/articubot_one/articubot_one' with type 'ros.ament_cmake' and name 'articubot_one'
[1.539s] Level 1:colcon.colcon_core.package_discovery:discover_packages(recursive) using defaults
[1.539s] Level 1:colcon.colcon_core.package_discovery:discover_packages(ignore) discover
[1.539s] Level 1:colcon.colcon_core.package_discovery:discover_packages(ignore) using defaults
[1.539s] Level 1:colcon.colcon_core.package_discovery:discover_packages(path) discover
[1.539s] Level 1:colcon.colcon_core.package_discovery:discover_packages(path) using defaults
[1.638s] Level 1:colcon.colcon_core.package_discovery:discover_packages(prefix_path) check parameters
[1.639s] Level 1:colcon.colcon_core.package_discovery:discover_packages(prefix_path) discover
[1.654s] DEBUG:colcon.colcon_installed_package_information.package_discovery:Found 406 installed packages in /opt/ros/jazzy
[1.657s] Level 1:colcon.colcon_core.package_discovery:discover_packages(prefix_path) using defaults
[1.779s] Level 5:colcon.colcon_core.verb:set package 'articubot_one' build argument 'cmake_args' from command line to 'None'
[1.779s] Level 5:colcon.colcon_core.verb:set package 'articubot_one' build argument 'cmake_target' from command line to 'None'
[1.779s] Level 5:colcon.colcon_core.verb:set package 'articubot_one' build argument 'cmake_target_skip_unavailable' from command line to 'False'
[1.779s] Level 5:colcon.colcon_core.verb:set package 'articubot_one' build argument 'cmake_clean_cache' from command line to 'False'
[1.779s] Level 5:colcon.colcon_core.verb:set package 'articubot_one' build argument 'cmake_clean_first' from command line to 'False'
[1.779s] Level 5:colcon.colcon_core.verb:set package 'articubot_one' build argument 'cmake_force_configure' from command line to 'False'
[1.779s] Level 5:colcon.colcon_core.verb:set package 'articubot_one' build argument 'ament_cmake_args' from command line to 'None'
[1.779s] Level 5:colcon.colcon_core.verb:set package 'articubot_one' build argument 'catkin_cmake_args' from command line to 'None'
[1.779s] Level 5:colcon.colcon_core.verb:set package 'articubot_one' build argument 'catkin_skip_building_tests' from command line to 'False'
[1.779s] DEBUG:colcon.colcon_core.verb:Building package 'articubot_one' with the following arguments: {'ament_cmake_args': None, 'build_base': '/home/ubuntum/bf_ext/build/articubot_one', 'catkin_cmake_args': None, 'catkin_skip_building_tests': False, 'cmake_args': None, 'cmake_clean_cache': False, 'cmake_clean_first': False, 'cmake_force_configure': False, 'cmake_target': None, 'cmake_target_skip_unavailable': False, 'install_base': '/home/ubuntum/bf_ext/install/articubot_one', 'merge_install': False, 'path': '/home/ubuntum/bf_ext/src/articubot_one/articubot_one', 'symlink_install': True, 'test_result_base': None}
[1.779s] INFO:colcon.colcon_core.executor:Executing jobs using 'parallel' executor
[1.781s] DEBUG:colcon.colcon_parallel_executor.executor.parallel:run_until_complete
[1.781s] INFO:colcon.colcon_ros.task.ament_cmake.build:Building ROS package in '/home/ubuntum/bf_ext/src/articubot_one/articubot_one' with build type 'ament_cmake'
[1.782s] INFO:colcon.colcon_cmake.task.cmake.build:Building CMake package in '/home/ubuntum/bf_ext/src/articubot_one/articubot_one'
[1.813s] INFO:colcon.colcon_core.plugin_system:Skipping extension 'colcon_core.shell.bat': Not used on non-Windows systems
[1.813s] INFO:colcon.colcon_core.shell:Skip shell extension 'powershell' for command environment: Not usable outside of PowerShell
[1.813s] DEBUG:colcon.colcon_core.shell:Skip shell extension 'dsv' for command environment
[1.844s] DEBUG:colcon.colcon_core.event_handler.log_command:Invoking command in '/home/ubuntum/bf_ext/build/articubot_one': CMAKE_PREFIX_PATH=${CMAKE_PREFIX_PATH}:/opt/ros/jazzy DEBUGINFOD_URLS=https://debuginfod.ubuntu.com /usr/bin/cmake /home/ubuntum/bf_ext/src/articubot_one/articubot_one -DAMENT_CMAKE_SYMLINK_INSTALL=1 -DCMAKE_INSTALL_PREFIX=/home/ubuntum/bf_ext/install/articubot_one
[6.260s] DEBUG:colcon.colcon_core.event_handler.log_command:Invoked command in '/home/ubuntum/bf_ext/build/articubot_one' returned '0': CMAKE_PREFIX_PATH=${CMAKE_PREFIX_PATH}:/opt/ros/jazzy DEBUGINFOD_URLS=https://debuginfod.ubuntu.com /usr/bin/cmake /home/ubuntum/bf_ext/src/articubot_one/articubot_one -DAMENT_CMAKE_SYMLINK_INSTALL=1 -DCMAKE_INSTALL_PREFIX=/home/ubuntum/bf_ext/install/articubot_one
[6.262s] DEBUG:colcon.colcon_core.event_handler.log_command:Invoking command in '/home/ubuntum/bf_ext/build/articubot_one': CMAKE_PREFIX_PATH=${CMAKE_PREFIX_PATH}:/opt/ros/jazzy DEBUGINFOD_URLS=https://debuginfod.ubuntu.com /usr/bin/cmake --build /home/ubuntum/bf_ext/build/articubot_one -- -j2 -l2
[6.429s] DEBUG:colcon.colcon_core.event_handler.log_command:Invoked command in '/home/ubuntum/bf_ext/build/articubot_one' returned '0': CMAKE_PREFIX_PATH=${CMAKE_PREFIX_PATH}:/opt/ros/jazzy DEBUGINFOD_URLS=https://debuginfod.ubuntu.com /usr/bin/cmake --build /home/ubuntum/bf_ext/build/articubot_one -- -j2 -l2
[6.574s] DEBUG:colcon.colcon_core.event_handler.log_command:Invoking command in '/home/ubuntum/bf_ext/build/articubot_one': CMAKE_PREFIX_PATH=${CMAKE_PREFIX_PATH}:/opt/ros/jazzy DEBUGINFOD_URLS=https://debuginfod.ubuntu.com /usr/bin/cmake --install /home/ubuntum/bf_ext/build/articubot_one
[7.853s] Level 1:colcon.colcon_core.environment:create_environment_scripts_only(articubot_one)
[7.855s] DEBUG:colcon.colcon_core.event_handler.log_command:Invoked command in '/home/ubuntum/bf_ext/build/articubot_one' returned '0': CMAKE_PREFIX_PATH=${CMAKE_PREFIX_PATH}:/opt/ros/jazzy DEBUGINFOD_URLS=https://debuginfod.ubuntu.com /usr/bin/cmake --install /home/ubuntum/bf_ext/build/articubot_one
[7.879s] Level 1:colcon.colcon_core.environment:checking '/home/ubuntum/bf_ext/install/articubot_one' for CMake module files
[7.880s] Level 1:colcon.colcon_core.environment:checking '/home/ubuntum/bf_ext/install/articubot_one' for CMake config files
[7.880s] Level 1:colcon.colcon_core.shell:create_environment_hook('articubot_one', 'cmake_prefix_path')
[7.881s] INFO:colcon.colcon_core.shell:Creating environment hook '/home/ubuntum/bf_ext/install/articubot_one/share/articubot_one/hook/cmake_prefix_path.ps1'
[7.884s] INFO:colcon.colcon_core.shell:Creating environment descriptor '/home/ubuntum/bf_ext/install/articubot_one/share/articubot_one/hook/cmake_prefix_path.dsv'
[7.885s] INFO:colcon.colcon_core.shell:Creating environment hook '/home/ubuntum/bf_ext/install/articubot_one/share/articubot_one/hook/cmake_prefix_path.sh'
[7.887s] Level 1:colcon.colcon_core.environment:checking '/home/ubuntum/bf_ext/install/articubot_one/bin'
[7.887s] Level 1:colcon.colcon_core.environment:checking '/home/ubuntum/bf_ext/install/articubot_one/lib/pkgconfig/articubot_one.pc'
[7.887s] Level 1:colcon.colcon_core.environment:checking '/home/ubuntum/bf_ext/install/articubot_one/lib/python3.12/site-packages'
[7.888s] Level 1:colcon.colcon_core.environment:checking '/home/ubuntum/bf_ext/install/articubot_one/bin'
[7.888s] INFO:colcon.colcon_core.shell:Creating package script '/home/ubuntum/bf_ext/install/articubot_one/share/articubot_one/package.ps1'
[7.890s] INFO:colcon.colcon_core.shell:Creating package descriptor '/home/ubuntum/bf_ext/install/articubot_one/share/articubot_one/package.dsv'
[7.891s] INFO:colcon.colcon_core.shell:Creating package script '/home/ubuntum/bf_ext/install/articubot_one/share/articubot_one/package.sh'
[7.894s] INFO:colcon.colcon_core.shell:Creating package script '/home/ubuntum/bf_ext/install/articubot_one/share/articubot_one/package.bash'
[7.896s] INFO:colcon.colcon_core.shell:Creating package script '/home/ubuntum/bf_ext/install/articubot_one/share/articubot_one/package.zsh'
[7.899s] Level 1:colcon.colcon_core.environment:create_file_with_runtime_dependencies(/home/ubuntum/bf_ext/install/articubot_one/share/colcon-core/packages/articubot_one)
[7.979s] Level 1:colcon.colcon_core.environment:create_environment_scripts_only(articubot_one)
[7.980s] Level 1:colcon.colcon_core.environment:checking '/home/ubuntum/bf_ext/install/articubot_one' for CMake module files
[7.980s] Level 1:colcon.colcon_core.environment:checking '/home/ubuntum/bf_ext/install/articubot_one' for CMake config files
[7.981s] Level 1:colcon.colcon_core.shell:create_environment_hook('articubot_one', 'cmake_prefix_path')
[7.982s] INFO:colcon.colcon_core.shell:Creating environment hook '/home/ubuntum/bf_ext/install/articubot_one/share/articubot_one/hook/cmake_prefix_path.ps1'
[7.982s] INFO:colcon.colcon_core.shell:Creating environment descriptor '/home/ubuntum/bf_ext/install/articubot_one/share/articubot_one/hook/cmake_prefix_path.dsv'
[7.983s] INFO:colcon.colcon_core.shell:Creating environment hook '/home/ubuntum/bf_ext/install/articubot_one/share/articubot_one/hook/cmake_prefix_path.sh'
[7.985s] Level 1:colcon.colcon_core.environment:checking '/home/ubuntum/bf_ext/install/articubot_one/bin'
[7.985s] Level 1:colcon.colcon_core.environment:checking '/home/ubuntum/bf_ext/install/articubot_one/lib/pkgconfig/articubot_one.pc'
[7.985s] Level 1:colcon.colcon_core.environment:checking '/home/ubuntum/bf_ext/install/articubot_one/lib/python3.12/site-packages'
[7.986s] Level 1:colcon.colcon_core.environment:checking '/home/ubuntum/bf_ext/install/articubot_one/bin'
[7.986s] INFO:colcon.colcon_core.shell:Creating package script '/home/ubuntum/bf_ext/install/articubot_one/share/articubot_one/package.ps1'
[7.987s] INFO:colcon.colcon_core.shell:Creating package descriptor '/home/ubuntum/bf_ext/install/articubot_one/share/articubot_one/package.dsv'
[7.988s] INFO:colcon.colcon_core.shell:Creating package script '/home/ubuntum/bf_ext/install/articubot_one/share/articubot_one/package.sh'
[7.989s] INFO:colcon.colcon_core.shell:Creating package script '/home/ubuntum/bf_ext/install/articubot_one/share/articubot_one/package.bash'
[7.990s] INFO:colcon.colcon_core.shell:Creating package script '/home/ubuntum/bf_ext/install/articubot_one/share/articubot_one/package.zsh'
[7.991s] Level 1:colcon.colcon_core.environment:create_file_with_runtime_dependencies(/home/ubuntum/bf_ext/install/articubot_one/share/colcon-core/packages/articubot_one)
[7.994s] DEBUG:colcon.colcon_parallel_executor.executor.parallel:closing loop
[7.994s] DEBUG:colcon.colcon_parallel_executor.executor.parallel:loop closed
[7.994s] DEBUG:colcon.colcon_parallel_executor.executor.parallel:run_until_complete finished with '0'
[7.995s] DEBUG:colcon.colcon_core.event_reactor:joining thread
[8.017s] INFO:colcon.colcon_core.plugin_system:Skipping extension 'colcon_notification.desktop_notification.terminal_notifier': Not used on non-Darwin systems
[8.017s] INFO:colcon.colcon_core.plugin_system:Skipping extension 'colcon_notification.desktop_notification.win32': Not used on non-Windows systems
[8.017s] INFO:colcon.colcon_notification.desktop_notification:Sending desktop notification using 'notify2'
[8.073s] DEBUG:colcon.colcon_core.event_reactor:joined thread
[8.074s] INFO:colcon.colcon_core.shell:Creating prefix script '/home/ubuntum/bf_ext/install/local_setup.ps1'
[8.078s] INFO:colcon.colcon_core.shell:Creating prefix util module '/home/ubuntum/bf_ext/install/_local_setup_util_ps1.py'
[8.081s] INFO:colcon.colcon_core.shell:Creating prefix chain script '/home/ubuntum/bf_ext/install/setup.ps1'
[8.085s] INFO:colcon.colcon_core.shell:Creating prefix script '/home/ubuntum/bf_ext/install/local_setup.sh'
[8.101s] INFO:colcon.colcon_core.shell:Creating prefix util module '/home/ubuntum/bf_ext/install/_local_setup_util_sh.py'
[8.101s] INFO:colcon.colcon_core.shell:Creating prefix chain script '/home/ubuntum/bf_ext/install/setup.sh'
[8.104s] INFO:colcon.colcon_core.shell:Creating prefix script '/home/ubuntum/bf_ext/install/local_setup.bash'
[8.105s] INFO:colcon.colcon_core.shell:Creating prefix chain script '/home/ubuntum/bf_ext/install/setup.bash'
[8.110s] INFO:colcon.colcon_core.shell:Creating prefix script '/home/ubuntum/bf_ext/install/local_setup.zsh'
[8.111s] INFO:colcon.colcon_core.shell:Creating prefix chain script '/home/ubuntum/bf_ext/install/setup.zsh'
